<?xml version="1.0" encoding="UTF-8"?>
<testsuite xmlns:xsi="http://www.w3.org/2001/XMLSchema-instance" xsi:noNamespaceSchemaLocation="https://maven.apache.org/surefire/maven-surefire-plugin/xsd/surefire-test-report.xsd" name="io.github.flexcode.camunda.tools.delegate.GenericDelegateTest" time="0.775" tests="3" errors="0" skipped="0" failures="0">
  <properties>
[...]
</properties>
  <testcase name="shouldExecuteDelegateWithOutputVariableFunctionCall" classname="io.github.flexcode.camunda.tools.delegate.GenericDelegateTest" time="0.756"/>
  <testcase name="shouldExecuteDelegateWithOutputVariables" classname="io.github.flexcode.camunda.tools.delegate.GenericDelegateTest" time="0.006"/>
  <testcase name="shouldExecuteDelegateWithoutOutputVariables" classname="io.github.flexcode.camunda.tools.delegate.GenericDelegateTest" time="0.01"/>
</testsuite>